<?xml version="1.0" encoding="UTF-8"?>
<testng-results skipped="0" failed="0" total="1" passed="1">
  <reporter-output>
  </reporter-output>
  <suite name="Default suite" duration-ms="1438" started-at="2020-11-23T16:42:50Z" finished-at="2020-11-23T16:42:51Z">
    <groups>
      <group name="cucumber">
        <method signature="CustomRunner.feature(cucumber.api.testng.CucumberFeatureWrapper)[pri:0, instance:runners.TestRunner@1adae5d]" name="feature" class="runners.CustomRunner"/>
      </group> <!-- cucumber -->
    </groups>
    <test name="Default test" duration-ms="1438" started-at="2020-11-23T16:42:50Z" finished-at="2020-11-23T16:42:51Z">
      <class name="runners.TestRunner">
        <test-method status="PASS" signature="setUpClass()[pri:0, instance:runners.TestRunner@1adae5d]" test-instance-name="" name="setUpClass" is-config="true" duration-ms="462" started-at="2020-11-23T22:12:50Z" finished-at="2020-11-23T22:12:50Z">
          <reporter-output>
          </reporter-output>
        </test-method> <!-- setUpClass -->
        <test-method name="feature" test-instance-name="" signature="feature(cucumber.api.testng.CucumberFeatureWrapper)[pri:0, instance:runners.TestRunner@1adae5d]" status="PASS" duration-ms="671" finished-at="2020-11-23T22:12:51Z" started-at="2020-11-23T22:12:50Z" data-provider="features" description="Runs cucumber feature">
          <params>
            <param index="0">
              <value>
                <![CDATA[This file is used to check background feature]]>
              </value>
            </param>
          </params>
          <reporter-output>
          </reporter-output>
        </test-method> <!-- feature -->
        <test-method status="PASS" signature="tearDown()[pri:0, instance:runners.TestRunner@1adae5d]" test-instance-name="" name="tearDown" is-config="true" duration-ms="21" started-at="2020-11-23T22:12:51Z" finished-at="2020-11-23T22:12:51Z">
          <reporter-output>
          </reporter-output>
        </test-method> <!-- tearDown -->
      </class> <!-- runners.TestRunner -->
    </test> <!-- Default test -->
  </suite> <!-- Default suite -->
</testng-results>
